[0.074s] DEBUG:colcon:Command line arguments: ['/usr/bin/colcon', 'build', '--packages-select', 'mc_core_interface', 'pingpong_controller', '--symlink-install', '--cmake-args', '-Wno-dev', '-DPython3_EXECUTABLE=/home/yangzhe/miniconda3/envs/pingpong/bin/python', '--event-handlers', 'console_direct+']
[0.074s] DEBUG:colcon:Parsed command line arguments: Namespace(log_base=None, log_level=None, verb_name='build', build_base='build', install_base='install', merge_install=False, symlink_install=True, test_result_base=None, continue_on_error=False, executor='parallel', parallel_workers=32, event_handlers=['console_direct+'], ignore_user_meta=False, metas=['./colcon.meta'], base_paths=['.'], packages_ignore=None, packages_ignore_regex=None, paths=None, packages_up_to=None, packages_up_to_regex=None, packages_above=None, packages_above_and_dependencies=None, packages_above_depth=None, packages_select_by_dep=None, packages_skip_by_dep=None, packages_skip_up_to=None, packages_select_build_failed=False, packages_skip_build_finished=False, packages_select_test_failures=False, packages_skip_test_passed=False, packages_select=['mc_core_interface', 'pingpong_controller'], packages_skip=None, packages_select_regex=None, packages_skip_regex=None, packages_start=None, packages_end=None, allow_overriding=[], cmake_args=['-Wno-dev', '-DPython3_EXECUTABLE=/home/yangzhe/miniconda3/envs/pingpong/bin/python'], cmake_target=None, cmake_target_skip_unavailable=False, cmake_clean_cache=False, cmake_clean_first=False, cmake_force_configure=False, ament_cmake_args=None, catkin_cmake_args=None, catkin_skip_building_tests=False, verb_parser=<colcon_defaults.argument_parser.defaults.DefaultArgumentsDecorator object at 0x7a6654d7e8a0>, verb_extension=<colcon_core.verb.build.BuildVerb object at 0x7a6654d7e7e0>, main=<bound method BuildVerb.main of <colcon_core.verb.build.BuildVerb object at 0x7a6654d7e7e0>>)
[0.100s] Level 1:colcon.colcon_core.package_discovery:discover_packages(colcon_meta) check parameters
[0.101s] Level 1:colcon.colcon_core.package_discovery:discover_packages(recursive) check parameters
[0.101s] Level 1:colcon.colcon_core.package_discovery:discover_packages(ignore) check parameters
[0.101s] Level 1:colcon.colcon_core.package_discovery:discover_packages(path) check parameters
[0.101s] Level 1:colcon.colcon_core.package_discovery:discover_packages(colcon_meta) discover
[0.101s] Level 1:colcon.colcon_core.package_discovery:discover_packages(recursive) discover
[0.101s] INFO:colcon.colcon_core.package_discovery:Crawling recursively for packages in '/home/yangzhe/Project/pingpong_controller'
[0.101s] Level 1:colcon.colcon_core.package_identification:_identify(.) by extensions ['ignore', 'ignore_ament_install']
[0.101s] Level 1:colcon.colcon_core.package_identification:_identify(.) by extension 'ignore'
[0.101s] Level 1:colcon.colcon_core.package_identification:_identify(.) by extension 'ignore_ament_install'
[0.101s] Level 1:colcon.colcon_core.package_identification:_identify(.) by extensions ['colcon_pkg']
[0.101s] Level 1:colcon.colcon_core.package_identification:_identify(.) by extension 'colcon_pkg'
[0.101s] Level 1:colcon.colcon_core.package_identification:_identify(.) by extensions ['colcon_meta']
[0.101s] Level 1:colcon.colcon_core.package_identification:_identify(.) by extension 'colcon_meta'
[0.101s] Level 1:colcon.colcon_core.package_identification:_identify(.) by extensions ['ros']
[0.101s] Level 1:colcon.colcon_core.package_identification:_identify(.) by extension 'ros'
[0.116s] DEBUG:colcon.colcon_core.package_identification:Package '.' with type 'ros.ament_python' and name 'pingpong_controller'
[0.116s] Level 1:colcon.colcon_core.package_discovery:discover_packages(recursive) using defaults
[0.116s] Level 1:colcon.colcon_core.package_discovery:discover_packages(ignore) discover
[0.116s] Level 1:colcon.colcon_core.package_discovery:discover_packages(ignore) using defaults
[0.116s] Level 1:colcon.colcon_core.package_discovery:discover_packages(path) discover
[0.117s] Level 1:colcon.colcon_core.package_discovery:discover_packages(path) using defaults
[0.117s] WARNING:colcon.colcon_core.package_selection:ignoring unknown package 'mc_core_interface' in --packages-select
[0.127s] Level 1:colcon.colcon_core.package_discovery:discover_packages(prefix_path) check parameters
[0.127s] Level 1:colcon.colcon_core.package_discovery:discover_packages(prefix_path) discover
[0.129s] DEBUG:colcon.colcon_installed_package_information.package_discovery:Found 295 installed packages in /opt/ros/jazzy
[0.129s] Level 1:colcon.colcon_core.package_discovery:discover_packages(prefix_path) using defaults
[0.145s] Level 5:colcon.colcon_core.verb:set package 'pingpong_controller' build argument 'cmake_args' from command line to '['-Wno-dev', '-DPython3_EXECUTABLE=/home/yangzhe/miniconda3/envs/pingpong/bin/python']'
[0.145s] Level 5:colcon.colcon_core.verb:set package 'pingpong_controller' build argument 'cmake_target' from command line to 'None'
[0.145s] Level 5:colcon.colcon_core.verb:set package 'pingpong_controller' build argument 'cmake_target_skip_unavailable' from command line to 'False'
[0.145s] Level 5:colcon.colcon_core.verb:set package 'pingpong_controller' build argument 'cmake_clean_cache' from command line to 'False'
[0.145s] Level 5:colcon.colcon_core.verb:set package 'pingpong_controller' build argument 'cmake_clean_first' from command line to 'False'
[0.145s] Level 5:colcon.colcon_core.verb:set package 'pingpong_controller' build argument 'cmake_force_configure' from command line to 'False'
[0.145s] Level 5:colcon.colcon_core.verb:set package 'pingpong_controller' build argument 'ament_cmake_args' from command line to 'None'
[0.145s] Level 5:colcon.colcon_core.verb:set package 'pingpong_controller' build argument 'catkin_cmake_args' from command line to 'None'
[0.145s] Level 5:colcon.colcon_core.verb:set package 'pingpong_controller' build argument 'catkin_skip_building_tests' from command line to 'False'
[0.145s] DEBUG:colcon.colcon_core.verb:Building package 'pingpong_controller' with the following arguments: {'ament_cmake_args': None, 'build_base': '/home/yangzhe/Project/pingpong_controller/build/pingpong_controller', 'catkin_cmake_args': None, 'catkin_skip_building_tests': False, 'cmake_args': ['-Wno-dev', '-DPython3_EXECUTABLE=/home/yangzhe/miniconda3/envs/pingpong/bin/python'], 'cmake_clean_cache': False, 'cmake_clean_first': False, 'cmake_force_configure': False, 'cmake_target': None, 'cmake_target_skip_unavailable': False, 'install_base': '/home/yangzhe/Project/pingpong_controller/install/pingpong_controller', 'merge_install': False, 'path': '/home/yangzhe/Project/pingpong_controller', 'symlink_install': True, 'test_result_base': None}
[0.145s] INFO:colcon.colcon_core.executor:Executing jobs using 'parallel' executor
[0.146s] DEBUG:colcon.colcon_parallel_executor.executor.parallel:run_until_complete
[0.146s] INFO:colcon.colcon_ros.task.ament_python.build:Building ROS package in '/home/yangzhe/Project/pingpong_controller' with build type 'ament_python'
[0.146s] Level 1:colcon.colcon_core.shell:create_environment_hook('pingpong_controller', 'ament_prefix_path')
[0.147s] INFO:colcon.colcon_core.plugin_system:Skipping extension 'colcon_core.shell.bat': Not used on non-Windows systems
[0.147s] INFO:colcon.colcon_core.shell:Creating environment hook '/home/yangzhe/Project/pingpong_controller/install/pingpong_controller/share/pingpong_controller/hook/ament_prefix_path.ps1'
[0.148s] INFO:colcon.colcon_core.shell:Creating environment descriptor '/home/yangzhe/Project/pingpong_controller/install/pingpong_controller/share/pingpong_controller/hook/ament_prefix_path.dsv'
[0.148s] INFO:colcon.colcon_core.shell:Creating environment hook '/home/yangzhe/Project/pingpong_controller/install/pingpong_controller/share/pingpong_controller/hook/ament_prefix_path.sh'
[0.148s] INFO:colcon.colcon_core.shell:Skip shell extension 'powershell' for command environment: Not usable outside of PowerShell
[0.148s] DEBUG:colcon.colcon_core.shell:Skip shell extension 'dsv' for command environment
[0.241s] INFO:colcon.colcon_core.task.python.build:Building Python package in '/home/yangzhe/Project/pingpong_controller'
[0.241s] INFO:colcon.colcon_core.shell:Skip shell extension 'powershell' for command environment: Not usable outside of PowerShell
[0.241s] DEBUG:colcon.colcon_core.shell:Skip shell extension 'dsv' for command environment
[0.559s] DEBUG:colcon.colcon_core.event_handler.log_command:Invoking command in '/home/yangzhe/Project/pingpong_controller/build/pingpong_controller': CONDA_PROMPT_MODIFIER=(pingpong) DEBUGINFOD_URLS=https://debuginfod.ubuntu.com PYTHONPATH=/home/yangzhe/Project/pingpong_controller/build/pingpong_controller/prefix_override:/usr/lib/python3/dist-packages/colcon_core/task/python/colcon_distutils_commands:/home/yangzhe/Project/pingpong_controller/install/pingpong_controller/lib/python3.12/site-packages:${PYTHONPATH} /usr/bin/python3 -W ignore:setup.py install is deprecated -W ignore:easy_install command is deprecated setup.py develop --editable --build-directory /home/yangzhe/Project/pingpong_controller/build/pingpong_controller/build --no-deps symlink_data
[0.802s] Level 1:colcon.colcon_core.shell:create_environment_hook('pingpong_controller', 'pythonpath_develop')
[0.803s] INFO:colcon.colcon_core.shell:Creating environment hook '/home/yangzhe/Project/pingpong_controller/build/pingpong_controller/share/pingpong_controller/hook/pythonpath_develop.ps1'
[0.803s] DEBUG:colcon.colcon_core.event_handler.log_command:Invoked command in '/home/yangzhe/Project/pingpong_controller/build/pingpong_controller' returned '0': CONDA_PROMPT_MODIFIER=(pingpong) DEBUGINFOD_URLS=https://debuginfod.ubuntu.com PYTHONPATH=/home/yangzhe/Project/pingpong_controller/build/pingpong_controller/prefix_override:/usr/lib/python3/dist-packages/colcon_core/task/python/colcon_distutils_commands:/home/yangzhe/Project/pingpong_controller/install/pingpong_controller/lib/python3.12/site-packages:${PYTHONPATH} /usr/bin/python3 -W ignore:setup.py install is deprecated -W ignore:easy_install command is deprecated setup.py develop --editable --build-directory /home/yangzhe/Project/pingpong_controller/build/pingpong_controller/build --no-deps symlink_data
[0.803s] INFO:colcon.colcon_core.shell:Creating environment descriptor '/home/yangzhe/Project/pingpong_controller/build/pingpong_controller/share/pingpong_controller/hook/pythonpath_develop.dsv'
[0.803s] INFO:colcon.colcon_core.shell:Creating environment hook '/home/yangzhe/Project/pingpong_controller/build/pingpong_controller/share/pingpong_controller/hook/pythonpath_develop.sh'
[0.805s] Level 1:colcon.colcon_core.environment:checking '/home/yangzhe/Project/pingpong_controller/install/pingpong_controller' for CMake module files
[0.805s] Level 1:colcon.colcon_core.environment:checking '/home/yangzhe/Project/pingpong_controller/install/pingpong_controller' for CMake config files
[0.806s] Level 1:colcon.colcon_core.environment:checking '/home/yangzhe/Project/pingpong_controller/install/pingpong_controller/lib'
[0.806s] Level 1:colcon.colcon_core.environment:checking '/home/yangzhe/Project/pingpong_controller/install/pingpong_controller/bin'
[0.806s] Level 1:colcon.colcon_core.environment:checking '/home/yangzhe/Project/pingpong_controller/install/pingpong_controller/lib/pkgconfig/pingpong_controller.pc'
[0.806s] Level 1:colcon.colcon_core.environment:checking '/home/yangzhe/Project/pingpong_controller/install/pingpong_controller/lib/python3.12/site-packages'
[0.806s] Level 1:colcon.colcon_core.shell:create_environment_hook('pingpong_controller', 'pythonpath')
[0.806s] INFO:colcon.colcon_core.shell:Creating environment hook '/home/yangzhe/Project/pingpong_controller/install/pingpong_controller/share/pingpong_controller/hook/pythonpath.ps1'
[0.806s] INFO:colcon.colcon_core.shell:Creating environment descriptor '/home/yangzhe/Project/pingpong_controller/install/pingpong_controller/share/pingpong_controller/hook/pythonpath.dsv'
[0.806s] INFO:colcon.colcon_core.shell:Creating environment hook '/home/yangzhe/Project/pingpong_controller/install/pingpong_controller/share/pingpong_controller/hook/pythonpath.sh'
[0.807s] Level 1:colcon.colcon_core.environment:checking '/home/yangzhe/Project/pingpong_controller/install/pingpong_controller/bin'
[0.807s] Level 1:colcon.colcon_core.environment:create_environment_scripts_only(pingpong_controller)
[0.807s] INFO:colcon.colcon_core.shell:Creating package script '/home/yangzhe/Project/pingpong_controller/install/pingpong_controller/share/pingpong_controller/package.ps1'
[0.807s] INFO:colcon.colcon_core.shell:Creating package descriptor '/home/yangzhe/Project/pingpong_controller/install/pingpong_controller/share/pingpong_controller/package.dsv'
[0.807s] INFO:colcon.colcon_core.shell:Creating package script '/home/yangzhe/Project/pingpong_controller/install/pingpong_controller/share/pingpong_controller/package.sh'
[0.808s] INFO:colcon.colcon_core.shell:Creating package script '/home/yangzhe/Project/pingpong_controller/install/pingpong_controller/share/pingpong_controller/package.bash'
[0.808s] INFO:colcon.colcon_core.shell:Creating package script '/home/yangzhe/Project/pingpong_controller/install/pingpong_controller/share/pingpong_controller/package.zsh'
[0.808s] Level 1:colcon.colcon_core.environment:create_file_with_runtime_dependencies(/home/yangzhe/Project/pingpong_controller/install/pingpong_controller/share/colcon-core/packages/pingpong_controller)
[0.808s] DEBUG:colcon.colcon_parallel_executor.executor.parallel:closing loop
[0.809s] DEBUG:colcon.colcon_parallel_executor.executor.parallel:loop closed
[0.809s] DEBUG:colcon.colcon_parallel_executor.executor.parallel:run_until_complete finished with '0'
[0.809s] DEBUG:colcon.colcon_core.event_reactor:joining thread
[0.813s] INFO:colcon.colcon_core.plugin_system:Skipping extension 'colcon_notification.desktop_notification.terminal_notifier': Not used on non-Darwin systems
[0.813s] INFO:colcon.colcon_core.plugin_system:Skipping extension 'colcon_notification.desktop_notification.win32': Not used on non-Windows systems
[0.813s] INFO:colcon.colcon_notification.desktop_notification:Sending desktop notification using 'notify2'
[0.835s] DEBUG:colcon.colcon_core.event_reactor:joined thread
[0.835s] INFO:colcon.colcon_core.shell:Creating prefix script '/home/yangzhe/Project/pingpong_controller/install/local_setup.ps1'
[0.836s] INFO:colcon.colcon_core.shell:Creating prefix util module '/home/yangzhe/Project/pingpong_controller/install/_local_setup_util_ps1.py'
[0.837s] INFO:colcon.colcon_core.shell:Creating prefix chain script '/home/yangzhe/Project/pingpong_controller/install/setup.ps1'
[0.837s] INFO:colcon.colcon_core.shell:Creating prefix script '/home/yangzhe/Project/pingpong_controller/install/local_setup.sh'
[0.838s] INFO:colcon.colcon_core.shell:Creating prefix util module '/home/yangzhe/Project/pingpong_controller/install/_local_setup_util_sh.py'
[0.838s] INFO:colcon.colcon_core.shell:Creating prefix chain script '/home/yangzhe/Project/pingpong_controller/install/setup.sh'
[0.839s] INFO:colcon.colcon_core.shell:Creating prefix script '/home/yangzhe/Project/pingpong_controller/install/local_setup.bash'
[0.839s] INFO:colcon.colcon_core.shell:Creating prefix chain script '/home/yangzhe/Project/pingpong_controller/install/setup.bash'
[0.840s] INFO:colcon.colcon_core.shell:Creating prefix script '/home/yangzhe/Project/pingpong_controller/install/local_setup.zsh'
[0.840s] INFO:colcon.colcon_core.shell:Creating prefix chain script '/home/yangzhe/Project/pingpong_controller/install/setup.zsh'
